<?xml version="1.0" encoding="UTF-8"?>
<!-- Generated by org.testng.reporters.JUnitXMLReporter -->
<testsuite hostname="Preetish" ignored="0" name="Chrome_Test" tests="3" failures="1" timestamp="18 May 2017 21:40:44 GMT" time="569.314" errors="0">
  <testcase name="BrowserEngin" time="306.536" classname="crm.ApplicationTest"/>
  <testcase name="verifyPage" time="56.001" classname="crm.ApplicationTest">
    <failure type="java.lang.AssertionError" message="expected [] but found [Café Coffee Day | A Lot Can Happen Over Coffee]">
      <![CDATA[java.lang.AssertionError: expected [] but found [Café Coffee Day | A Lot Can Happen Over Coffee]
	at crm.ApplicationTest.verifyPage(ApplicationTest.java:52)
... Removed 31 stack frames]]>
    </failure>
  </testcase> <!-- verifyPage -->
  <testcase name="Click_on_Shop" time="206.211" classname="crm.ApplicationTest"/>
</testsuite> <!-- Chrome_Test -->
