<?xml version="1.0" encoding="UTF-8"?>
<!-- Generated by org.testng.reporters.JUnitXMLReporter -->
<testsuite hostname="Preetish" ignored="0" name="FireFox_test" tests="1" failures="1" timestamp="26 Apr 2017 08:16:08 GMT" time="10.058" errors="0">
  <testcase name="BrowserEngin" time="9.74" classname="crm.ApplicationTest">
    <failure type="java.lang.AssertionError" message="expected [Facebook - Log In or Sign Up] but found [1235]">
      <![CDATA[java.lang.AssertionError: expected [Facebook - Log In or Sign Up] but found [1235]
	at crm.ApplicationTest.BrowserEngin(ApplicationTest.java:33)
... Removed 30 stack frames]]>
    </failure>
  </testcase> <!-- BrowserEngin -->
</testsuite> <!-- FireFox_test -->
