<?xml version="1.0" encoding="UTF-8"?>
<!-- Generated by org.testng.reporters.JUnitXMLReporter -->
<testsuite hostname="Preetish" ignored="0" name="IE_test" tests="1" failures="1" timestamp="26 Apr 2017 16:11:32 GMT" time="4.783" errors="0">
  <testcase name="BrowserEngin" time="4.417" classname="crm.ApplicationTest">
    <failure type="java.lang.AssertionError" message="expected [Facebook - Log In or Sign Up] but found [1235]">
      <![CDATA[java.lang.AssertionError: expected [Facebook - Log In or Sign Up] but found [1235]
	at crm.ApplicationTest.BrowserEngin(ApplicationTest.java:33)
... Removed 30 stack frames]]>
    </failure>
  </testcase> <!-- BrowserEngin -->
</testsuite> <!-- IE_test -->
