<?xml version="1.0" encoding="UTF-8"?>
<testng-results skipped="0" failed="1" ignored="0" total="1" passed="0">
  <reporter-output>
  </reporter-output>
  <suite name="Default suite" duration-ms="18588" started-at="2017-04-27T19:07:06Z" finished-at="2017-04-27T19:07:25Z">
    <groups>
    </groups>
    <test name="Default test" duration-ms="18588" started-at="2017-04-27T19:07:06Z" finished-at="2017-04-27T19:07:25Z">
      <class name="crm.ApplicationTest">
        <test-method status="PASS" signature="setUp()[pri:0, instance:crm.ApplicationTest@1fc2b765]" name="setUp" is-config="true" duration-ms="1218" started-at="2017-04-28T00:37:05Z" finished-at="2017-04-28T00:37:06Z">
          <reporter-output>
          </reporter-output>
        </test-method> <!-- setUp -->
        <test-method status="PASS" signature="Logconfig()[pri:0, instance:crm.ApplicationTest@1fc2b765]" name="Logconfig" is-config="true" duration-ms="156" started-at="2017-04-28T00:37:06Z" finished-at="2017-04-28T00:37:07Z">
          <reporter-output>
          </reporter-output>
        </test-method> <!-- Logconfig -->
        <test-method status="FAIL" signature="BrowserEngin()[pri:0, instance:crm.ApplicationTest@1fc2b765]" name="BrowserEngin" duration-ms="17213" started-at="2017-04-28T00:37:07Z" finished-at="2017-04-28T00:37:24Z">
          <exception class="java.lang.AssertionError">
            <message>
              <![CDATA[expected [This page can’t be displayed] but found [1235]]]>
            </message>
            <full-stacktrace>
              <![CDATA[java.lang.AssertionError: expected [This page can’t be displayed] but found [1235]
	at org.testng.Assert.fail(Assert.java:93)
	at org.testng.Assert.failNotEquals(Assert.java:512)
	at org.testng.Assert.assertEqualsImpl(Assert.java:134)
	at org.testng.Assert.assertEquals(Assert.java:115)
	at org.testng.Assert.assertEquals(Assert.java:178)
	at crm.ApplicationTest.BrowserEngin(ApplicationTest.java:33)
	at sun.reflect.NativeMethodAccessorImpl.invoke0(Native Method)
	at sun.reflect.NativeMethodAccessorImpl.invoke(NativeMethodAccessorImpl.java:62)
	at sun.reflect.DelegatingMethodAccessorImpl.invoke(DelegatingMethodAccessorImpl.java:43)
	at java.lang.reflect.Method.invoke(Method.java:498)
	at org.testng.internal.MethodInvocationHelper.invokeMethod(MethodInvocationHelper.java:108)
	at org.testng.internal.Invoker.invokeMethod(Invoker.java:661)
	at org.testng.internal.Invoker.invokeTestMethod(Invoker.java:869)
	at org.testng.internal.Invoker.invokeTestMethods(Invoker.java:1193)
	at org.testng.internal.TestMethodWorker.invokeTestMethods(TestMethodWorker.java:126)
	at org.testng.internal.TestMethodWorker.run(TestMethodWorker.java:109)
	at org.testng.TestRunner.privateRun(TestRunner.java:744)
	at org.testng.TestRunner.run(TestRunner.java:602)
	at org.testng.SuiteRunner.runTest(SuiteRunner.java:380)
	at org.testng.SuiteRunner.runSequentially(SuiteRunner.java:375)
	at org.testng.SuiteRunner.privateRun(SuiteRunner.java:340)
	at org.testng.SuiteRunner.run(SuiteRunner.java:289)
	at org.testng.SuiteRunnerWorker.runSuite(SuiteRunnerWorker.java:52)
	at org.testng.SuiteRunnerWorker.run(SuiteRunnerWorker.java:86)
	at org.testng.TestNG.runSuitesSequentially(TestNG.java:1301)
	at org.testng.TestNG.runSuitesLocally(TestNG.java:1226)
	at org.testng.TestNG.runSuites(TestNG.java:1144)
	at org.testng.TestNG.run(TestNG.java:1115)
	at org.testng.remote.AbstractRemoteTestNG.run(AbstractRemoteTestNG.java:132)
	at org.testng.remote.RemoteTestNG.initAndRun(RemoteTestNG.java:230)
	at org.testng.remote.RemoteTestNG.main(RemoteTestNG.java:76)
]]>
            </full-stacktrace>
          </exception> <!-- java.lang.AssertionError -->
          <reporter-output>
          </reporter-output>
        </test-method> <!-- BrowserEngin -->
        <test-method status="PASS" signature="getResult(org.testng.ITestResult)[pri:0, instance:crm.ApplicationTest@1fc2b765]" name="getResult" is-config="true" duration-ms="1187" started-at="2017-04-28T00:37:24Z" finished-at="2017-04-28T00:37:25Z">
          <params>
            <param index="0">
              <value>
                <![CDATA[[TestResult name=BrowserEngin status=FAILURE method=ApplicationTest.BrowserEngin()[pri:0, instance:crm.ApplicationTest@1fc2b765] output={null}]]]>
              </value>
            </param>
          </params>
          <reporter-output>
          </reporter-output>
        </test-method> <!-- getResult -->
        <test-method status="PASS" signature="tearDown()[pri:0, instance:crm.ApplicationTest@1fc2b765]" name="tearDown" is-config="true" duration-ms="672" started-at="2017-04-28T00:37:25Z" finished-at="2017-04-28T00:37:26Z">
          <reporter-output>
          </reporter-output>
        </test-method> <!-- tearDown -->
      </class> <!-- crm.ApplicationTest -->
    </test> <!-- Default test -->
  </suite> <!-- Default suite -->
</testng-results>
