<?xml version="1.0" encoding="UTF-8"?>
<!-- Generated by org.testng.reporters.JUnitReportReporter -->
<testsuite skipped="1" hostname="Preetish" name="utilitys.BrowserFactory" tests="2" failures="0" timestamp="26 Apr 2017 08:14:03 GMT" time="0.047" errors="1">
  <testcase name="BrowserEngin" time="0.047" classname="utilitys.BrowserFactory">
    <skipped/>
  </testcase> <!-- BrowserEngin -->
  <testcase name="startBrowser" time="0.000" classname="utilitys.BrowserFactory">
    <error type="org.testng.TestNGException" message="
Parameter &#039;Browser&#039; is required by BeforeTest on method startBrowser but has not been marked @Optional or defined
in C:\Users\Preetish Kumar\AppData\Local\Temp\testng-eclipse--1222253837\testng-customsuite.xml">
      <![CDATA[org.testng.TestNGException: 
Parameter 'Browser' is required by BeforeTest on method startBrowser but has not been marked @Optional or defined
in C:\Users\Preetish Kumar\AppData\Local\Temp\testng-eclipse--1222253837\testng-customsuite.xml
	at org.testng.internal.Parameters.createParameters(Parameters.java:199)
	at org.testng.internal.Parameters.createParameters(Parameters.java:443)
	at org.testng.internal.Parameters.createConfigurationParameters(Parameters.java:118)
	at org.testng.internal.Invoker.invokeConfigurations(Invoker.java:206)
	at org.testng.internal.Invoker.invokeConfigurations(Invoker.java:146)
	at org.testng.TestRunner.beforeRun(TestRunner.java:626)
	at org.testng.TestRunner.run(TestRunner.java:594)
	at org.testng.SuiteRunner.runTest(SuiteRunner.java:380)
	at org.testng.SuiteRunner.runSequentially(SuiteRunner.java:375)
	at org.testng.SuiteRunner.privateRun(SuiteRunner.java:340)
	at org.testng.SuiteRunner.run(SuiteRunner.java:289)
	at org.testng.SuiteRunnerWorker.runSuite(SuiteRunnerWorker.java:52)
	at org.testng.SuiteRunnerWorker.run(SuiteRunnerWorker.java:86)
	at org.testng.TestNG.runSuitesSequentially(TestNG.java:1301)
	at org.testng.TestNG.runSuitesLocally(TestNG.java:1226)
	at org.testng.TestNG.runSuites(TestNG.java:1144)
	at org.testng.TestNG.run(TestNG.java:1115)
	at org.testng.remote.AbstractRemoteTestNG.run(AbstractRemoteTestNG.java:132)
	at org.testng.remote.RemoteTestNG.initAndRun(RemoteTestNG.java:230)
	at org.testng.remote.RemoteTestNG.main(RemoteTestNG.java:76)
]]>
    </error>
  </testcase> <!-- startBrowser -->
</testsuite> <!-- utilitys.BrowserFactory -->
